<?xml version="1.0" encoding="UTF-8"?>
<testsuite name="com.example.demo.Demo1ApplicationTests" tests="1" skipped="0" failures="0" errors="0" timestamp="2026-04-21T02:09:16.659Z" hostname="KEVINLAPTOP" time="4.297">
  <properties/>
  <testcase name="contextLoads()" classname="com.example.demo.Demo1ApplicationTests" time="0.728"/>
  <system-out><![CDATA[22:09:16.889 [Test worker] INFO org.springframework.test.context.support.AnnotationConfigContextLoaderUtils -- Could not detect default configuration classes for test class [com.example.demo.Demo1ApplicationTests]: Demo1ApplicationTests does not declare any static, non-private, non-final, nested classes annotated with @Configuration.
22:09:17.024 [Test worker] INFO org.springframework.boot.test.context.SpringBootTestContextBootstrapper -- Found @SpringBootConfiguration com.example.demo.Demo1Application for test class com.example.demo.Demo1ApplicationTests
22:09:17.115 [Test worker] INFO org.springframework.test.context.support.AnnotationConfigContextLoaderUtils -- Could not detect default configuration classes for test class [com.example.demo.Demo1ApplicationTests]: Demo1ApplicationTests does not declare any static, non-private, non-final, nested classes annotated with @Configuration.
22:09:17.117 [Test worker] INFO org.springframework.boot.test.context.SpringBootTestContextBootstrapper -- Found @SpringBootConfiguration com.example.demo.Demo1Application for test class com.example.demo.Demo1ApplicationTests

  .   ____          _            __ _ _
 /\\ / ___'_ __ _ _(_)_ __  __ _ \ \ \ \
( ( )\___ | '_ | '_| | '_ \/ _` | \ \ \ \
 \\/  ___)| |_)| | | | | || (_| |  ) ) ) )
  '  |____| .__|_| |_|_| |_\__, | / / / /
 =========|_|==============|___/=/_/_/_/

 :: Spring Boot ::                (v4.0.5)

2026-04-20T22:09:17.473-04:00  INFO 31612 --- [demo1] [    Test worker] com.example.demo.Demo1ApplicationTests   : Starting Demo1ApplicationTests using Java 21.0.10 with PID 31612 (started by decen in C:\Users\decen\OneDrive\Desktop\test\CMSC355-PRE-DEV-3-SPRINT-1-TEST-CASES-SPECIFICATION)
2026-04-20T22:09:17.476-04:00  INFO 31612 --- [demo1] [    Test worker] com.example.demo.Demo1ApplicationTests   : No active profile set, falling back to 1 default profile: "default"
2026-04-20T22:09:17.889-04:00  INFO 31612 --- [demo1] [    Test worker] .s.d.r.c.RepositoryConfigurationDelegate : Bootstrapping Spring Data MongoDB repositories in DEFAULT mode.
2026-04-20T22:09:17.928-04:00  INFO 31612 --- [demo1] [    Test worker] .s.d.r.c.RepositoryConfigurationDelegate : Finished Spring Data repository scanning in 32 ms. Found 2 MongoDB repository interfaces.
2026-04-20T22:09:18.537-04:00  INFO 31612 --- [demo1] [    Test worker] org.mongodb.driver.client                : MongoClient with metadata {"application": {"name": "Cluster0"}, "driver": {"name": "mongo-java-driver|spring-boot|sync", "version": "5.6.4"}, "os": {"type": "Windows", "name": "Windows 11", "architecture": "amd64", "version": "10.0"}, "platform": "Java/Oracle Corporation/21.0.10+8-LTS-217"} created with settings MongoClientSettings{readPreference=primary, writeConcern=WriteConcern{w=null, wTimeout=null ms, journal=null}, retryWrites=true, retryReads=true, readConcern=ReadConcern{level=null}, credential=MongoCredential{mechanism=null, userName='dawsonlp_db_user', source='admin', password=<hidden>, mechanismProperties=<hidden>}, transportSettings=null, commandListeners=[], codecRegistry=ProvidersCodecRegistry{codecProviders=[ValueCodecProvider{}, BsonValueCodecProvider{}, DBRefCodecProvider{}, DBObjectCodecProvider{}, DocumentCodecProvider{}, CollectionCodecProvider{}, IterableCodecProvider{}, MapCodecProvider{}, GeoJsonCodecProvider{}, GridFSFileCodecProvider{}, Jsr310CodecProvider{}, JsonObjectCodecProvider{}, BsonCodecProvider{}, com.mongodb.client.model.mql.ExpressionCodecProvider@37b01ce2, com.mongodb.Jep395RecordCodecProvider@1a88c4f5, com.mongodb.KotlinCodecProvider@1894fa9f, EnumCodecProvider{}]}, loggerSettings=LoggerSettings{maxDocumentLength=1000}, clusterSettings={hosts=[127.0.0.1:27017], srvHost=cluster0.9vmlfov.mongodb.net, srvServiceName=mongodb, mode=MULTIPLE, requiredClusterType=REPLICA_SET, requiredReplicaSetName='atlas-ayj4mp-shard-0', serverSelector='null', clusterListeners='[]', serverSelectionTimeout='30000 ms', localThreshold='15 ms'}, socketSettings=SocketSettings{connectTimeoutMS=10000, readTimeoutMS=0, receiveBufferSize=0, proxySettings=ProxySettings{host=null, port=null, username=null, password=null}}, heartbeatSocketSettings=SocketSettings{connectTimeoutMS=10000, readTimeoutMS=10000, receiveBufferSize=0, proxySettings=ProxySettings{host=null, port=null, username=null, password=null}}, connectionPoolSettings=ConnectionPoolSettings{maxSize=100, minSize=0, maxWaitTimeMS=120000, maxConnectionLifeTimeMS=0, maxConnectionIdleTimeMS=0, maintenanceInitialDelayMS=0, maintenanceFrequencyMS=60000, connectionPoolListeners=[], maxConnecting=2}, serverSettings=ServerSettings{heartbeatFrequencyMS=10000, minHeartbeatFrequencyMS=500, serverMonitoringMode=AUTO, serverListeners='[]', serverMonitorListeners='[]'}, sslSettings=SslSettings{enabled=true, invalidHostNameAllowed=false, context=null}, applicationName='Cluster0', compressorList=[], uuidRepresentation=UNSPECIFIED, serverApi=null, autoEncryptionSettings=null, dnsClient=null, inetAddressResolver=null, contextProvider=null, timeoutMS=null}
2026-04-20T22:09:18.542-04:00  INFO 31612 --- [demo1] [fov.mongodb.net] org.mongodb.driver.cluster               : Adding discovered server ac-f5dlezh-shard-00-00.9vmlfov.mongodb.net:27017 to client view of cluster
2026-04-20T22:09:18.566-04:00  INFO 31612 --- [demo1] [fov.mongodb.net] org.mongodb.driver.cluster               : Adding discovered server ac-f5dlezh-shard-00-01.9vmlfov.mongodb.net:27017 to client view of cluster
2026-04-20T22:09:18.566-04:00  INFO 31612 --- [demo1] [fov.mongodb.net] org.mongodb.driver.cluster               : Adding discovered server ac-f5dlezh-shard-00-02.9vmlfov.mongodb.net:27017 to client view of cluster
2026-04-20T22:09:19.505-04:00  INFO 31612 --- [demo1] [ngodb.net:27017] org.mongodb.driver.cluster               : Monitor thread successfully connected to server with description ServerDescription{address=ac-f5dlezh-shard-00-02.9vmlfov.mongodb.net:27017, type=REPLICA_SET_PRIMARY, cryptd=false, state=CONNECTED, ok=true, minWireVersion=0, maxWireVersion=25, maxDocumentSize=16777216, logicalSessionTimeoutMinutes=30, roundTripTimeNanos=500539400, minRoundTripTimeNanos=0, setName='atlas-ayj4mp-shard-0', canonicalAddress=ac-f5dlezh-shard-00-02.9vmlfov.mongodb.net:27017, hosts=[ac-f5dlezh-shard-00-01.9vmlfov.mongodb.net:27017, ac-f5dlezh-shard-00-02.9vmlfov.mongodb.net:27017, ac-f5dlezh-shard-00-00.9vmlfov.mongodb.net:27017], passives=[], arbiters=[], primary='ac-f5dlezh-shard-00-02.9vmlfov.mongodb.net:27017', tagSet=TagSet{[Tag{name='availabilityZone', value='use1-az5'}, Tag{name='cacheState', value='READY'}, Tag{name='diskState', value='READY'}, Tag{name='nodeType', value='ELECTABLE'}, Tag{name='provider', value='AWS'}, Tag{name='region', value='US_EAST_1'}, Tag{name='workloadType', value='OPERATIONAL'}]}, electionId=7fffffff000000000000022c, setVersion=280, topologyVersion=TopologyVersion{processId=69d11116510340566c9f2c02, counter=7}, lastWriteDate=Mon Apr 20 22:08:25 EDT 2026, lastUpdateTimeNanos=25226329048900}
2026-04-20T22:09:19.505-04:00  INFO 31612 --- [demo1] [ngodb.net:27017] org.mongodb.driver.cluster               : Monitor thread successfully connected to server with description ServerDescription{address=ac-f5dlezh-shard-00-01.9vmlfov.mongodb.net:27017, type=REPLICA_SET_SECONDARY, cryptd=false, state=CONNECTED, ok=true, minWireVersion=0, maxWireVersion=25, maxDocumentSize=16777216, logicalSessionTimeoutMinutes=30, roundTripTimeNanos=500428500, minRoundTripTimeNanos=0, setName='atlas-ayj4mp-shard-0', canonicalAddress=ac-f5dlezh-shard-00-01.9vmlfov.mongodb.net:27017, hosts=[ac-f5dlezh-shard-00-01.9vmlfov.mongodb.net:27017, ac-f5dlezh-shard-00-02.9vmlfov.mongodb.net:27017, ac-f5dlezh-shard-00-00.9vmlfov.mongodb.net:27017], passives=[], arbiters=[], primary='ac-f5dlezh-shard-00-02.9vmlfov.mongodb.net:27017', tagSet=TagSet{[Tag{name='availabilityZone', value='use1-az2'}, Tag{name='cacheState', value='READY'}, Tag{name='diskState', value='READY'}, Tag{name='nodeType', value='ELECTABLE'}, Tag{name='provider', value='AWS'}, Tag{name='region', value='US_EAST_1'}, Tag{name='workloadType', value='OPERATIONAL'}]}, electionId=null, setVersion=280, topologyVersion=TopologyVersion{processId=69d113d18b43dfbb1f28d768, counter=4}, lastWriteDate=Mon Apr 20 22:08:25 EDT 2026, lastUpdateTimeNanos=25226329037900}
2026-04-20T22:09:19.505-04:00  INFO 31612 --- [demo1] [ngodb.net:27017] org.mongodb.driver.cluster               : Monitor thread successfully connected to server with description ServerDescription{address=ac-f5dlezh-shard-00-00.9vmlfov.mongodb.net:27017, type=REPLICA_SET_SECONDARY, cryptd=false, state=CONNECTED, ok=true, minWireVersion=0, maxWireVersion=25, maxDocumentSize=16777216, logicalSessionTimeoutMinutes=30, roundTripTimeNanos=490788200, minRoundTripTimeNanos=0, setName='atlas-ayj4mp-shard-0', canonicalAddress=ac-f5dlezh-shard-00-00.9vmlfov.mongodb.net:27017, hosts=[ac-f5dlezh-shard-00-01.9vmlfov.mongodb.net:27017, ac-f5dlezh-shard-00-02.9vmlfov.mongodb.net:27017, ac-f5dlezh-shard-00-00.9vmlfov.mongodb.net:27017], passives=[], arbiters=[], primary='ac-f5dlezh-shard-00-02.9vmlfov.mongodb.net:27017', tagSet=TagSet{[Tag{name='availabilityZone', value='use1-az1'}, Tag{name='cacheState', value='READY'}, Tag{name='diskState', value='READY'}, Tag{name='nodeType', value='ELECTABLE'}, Tag{name='provider', value='AWS'}, Tag{name='region', value='US_EAST_1'}, Tag{name='workloadType', value='OPERATIONAL'}]}, electionId=null, setVersion=280, topologyVersion=TopologyVersion{processId=69d10e95206032972beeb8d8, counter=5}, lastWriteDate=Mon Apr 20 22:08:25 EDT 2026, lastUpdateTimeNanos=25226329037900}
2026-04-20T22:09:19.511-04:00  INFO 31612 --- [demo1] [ngodb.net:27017] org.mongodb.driver.cluster               : Discovered replica set primary ac-f5dlezh-shard-00-02.9vmlfov.mongodb.net:27017 with max election id 7fffffff000000000000022c and max set version 280
2026-04-20T22:09:19.818-04:00  INFO 31612 --- [demo1] [    Test worker] com.example.demo.Demo1ApplicationTests   : Started Demo1ApplicationTests in 2.621 seconds (process running for 4.258)
]]></system-out>
  <system-err><![CDATA[Mockito is currently self-attaching to enable the inline-mock-maker. This will no longer work in future releases of the JDK. Please add Mockito as an agent to your build as described in Mockito's documentation: https://javadoc.io/doc/org.mockito/mockito-core/latest/org.mockito/org/mockito/Mockito.html#0.3
WARNING: A Java agent has been loaded dynamically (C:\Users\decen\.gradle\caches\modules-2\files-2.1\net.bytebuddy\byte-buddy-agent\1.17.8\f09415827a71be7ed621c7bd02550678f28bc81c\byte-buddy-agent-1.17.8.jar)
WARNING: If a serviceability tool is in use, please run with -XX:+EnableDynamicAgentLoading to hide this warning
WARNING: If a serviceability tool is not in use, please run with -Djdk.instrument.traceUsage for more information
WARNING: Dynamic loading of agents will be disallowed by default in a future release
]]></system-err>
</testsuite>
